\BOOKMARK [1][-]{section.1}{Wstep}{}% 1
\BOOKMARK [2][-]{subsection.1.1}{Wprowadzenie}{section.1}% 2
\BOOKMARK [2][-]{subsection.1.2}{Przeglad pismiennictwa}{section.1}% 3
\BOOKMARK [2][-]{subsection.1.3}{Cel pracy}{section.1}% 4
\BOOKMARK [1][-]{section.2}{Modelowanie uk\233ad\363w p\233askich we wsp\363\233rzednych absolutnych}{}% 5
\BOOKMARK [2][-]{subsection.2.1}{Sformu\233owanie wiez\363w kinematycznych}{section.2}% 6
\BOOKMARK [2][-]{subsection.2.2}{Sformu\233owanie r\363wnan dynamiki}{section.2}% 7
\BOOKMARK [2][-]{subsection.2.3}{Sformu\233owanie r\363wnan dynamiki dla cz\233on\363w skrepowanych wiezami z uzyciem nieoznaczonych mnoznik\363w Lagrange'a}{section.2}% 8
\BOOKMARK [1][-]{section.3}{Metody ca\233kowania r\363wnan r\363zniczkowych zwyczajnych \(RRZ\)}{}% 9
\BOOKMARK [2][-]{subsection.3.1}{Podzia\233 algorytm\363w ca\233kowania numerycznego}{section.3}% 10
\BOOKMARK [2][-]{subsection.3.2}{Sformu\233owanie problemu}{section.3}% 11
\BOOKMARK [2][-]{subsection.3.3}{Rodzaje stabilnosci numerycznej}{section.3}% 12
\BOOKMARK [2][-]{subsection.3.4}{Niejawny schemat Eulera}{section.3}% 13
\BOOKMARK [2][-]{subsection.3.5}{Metoda trapez\363w}{section.3}% 14
\BOOKMARK [2][-]{subsection.3.6}{Metody Rungego-Kutty}{section.3}% 15
\BOOKMARK [2][-]{subsection.3.7}{Kr\363tkie om\363wienie metod wielokrokowych}{section.3}% 16
\BOOKMARK [2][-]{subsection.3.8}{Idea metod predyktor-korektor}{section.3}% 17
\BOOKMARK [1][-]{section.4}{Problematyka rozwiazywania r\363wnan RRA}{}% 18
\BOOKMARK [2][-]{subsection.4.1}{Podstawowe pojecia}{section.4}% 19
\BOOKMARK [2][-]{subsection.4.2}{Uk\233ady sztywne}{section.4}% 20
\BOOKMARK [2][-]{subsection.4.3}{Wybrane podejscia w rozwiazywaniu RRA}{section.4}% 21
\BOOKMARK [1][-]{section.5}{Wybrane sformu\233owania zadania prostego dynamiki}{}% 22
\BOOKMARK [2][-]{subsection.5.1}{R\363wnania Newtona-Eulera wraz ze stabilizacja Baumgarte'a}{section.5}% 23
\BOOKMARK [2][-]{subsection.5.2}{Kanoniczne r\363wnania ruchu wraz ze stabilizacja}{section.5}% 24
\BOOKMARK [2][-]{subsection.5.3}{Sformu\233owanie oparte na rozszerzonym lagranzjanie i r\363wnaniach kanonicznych}{section.5}% 25
\BOOKMARK [2][-]{subsection.5.4}{Sformu\233owanie oparte na r\363wnaniach kanonicznych z uzyciem niejawnej metody trapez\363w i iteracjami Newtona-Raphsona}{section.5}% 26
\BOOKMARK [1][-]{section.6}{Implementacja, wyniki analiz}{}% 27
\BOOKMARK [2][-]{subsection.6.1}{Walidacja sformu\233owan na przyk\233adzie podw\363jnego wahad\233a i oprogramowania Adams}{section.6}% 28
\BOOKMARK [2][-]{subsection.6.2}{Implementacja mechanizmu Andrews'a}{section.6}% 29
\BOOKMARK [2][-]{subsection.6.3}{Wyniki symulacji}{section.6}% 30
\BOOKMARK [1][-]{section.7}{Podsumowanie i perspektywy}{}% 31
\BOOKMARK [1][-]{section*.78}{Spis pismiennictwa}{}% 32
\BOOKMARK [1][-]{section*.81}{Za\233aczniki}{}% 33
