This is pdfTeX, Version 3.14159265-2.6-1.40.18 (MiKTeX 2.9.6350 64-bit) (preloaded format=pdflatex 2018.3.19)  20 JUN 2018 11:22
entering extended mode
**./praca_inz.tex
(praca_inz.tex
LaTeX2e <2017-04-15>
Babel <3.10> and hyphenation patterns for 75 language(s) loaded.
("C:\Program Files\MiKTeX 2.9\tex\latex\base\article.cls"
Document Class: article 2014/09/29 v1.4h Standard LaTeX document class
("C:\Program Files\MiKTeX 2.9\tex\latex\base\size11.clo"
File: size11.clo 2014/09/29 v1.4h Standard LaTeX file (size option)
)
\c@part=\count79
\c@section=\count80
\c@subsection=\count81
\c@subsubsection=\count82
\c@paragraph=\count83
\c@subparagraph=\count84
\c@figure=\count85
\c@table=\count86
\abovecaptionskip=\skip41
\belowcaptionskip=\skip42
\bibindent=\dimen102
)
("C:\Program Files\MiKTeX 2.9\tex\latex\graphics\graphicx.sty"
Package: graphicx 2014/10/28 v1.0g Enhanced LaTeX Graphics (DPC,SPQR)

("C:\Program Files\MiKTeX 2.9\tex\latex\graphics\keyval.sty"
Package: keyval 2014/10/28 v1.15 key=value parser (DPC)
\KV@toks@=\toks14
)
("C:\Program Files\MiKTeX 2.9\tex\latex\graphics\graphics.sty"
Package: graphics 2017/04/14 v1.1b Standard LaTeX Graphics (DPC,SPQR)

("C:\Program Files\MiKTeX 2.9\tex\latex\graphics\trig.sty"
Package: trig 2016/01/03 v1.10 sin cos tan (DPC)
)
("C:\Program Files\MiKTeX 2.9\tex\latex\graphics-cfg\graphics.cfg"
File: graphics.cfg 2016/06/04 v1.11 sample graphics configuration
)
Package graphics Info: Driver file: pdftex.def on input line 99.

("C:\Program Files\MiKTeX 2.9\tex\latex\graphics-def\pdftex.def"
File: pdftex.def 2017/01/12 v0.06k Graphics/color for pdfTeX

("C:\Program Files\MiKTeX 2.9\tex\generic\oberdiek\infwarerr.sty"
Package: infwarerr 2016/05/16 v1.4 Providing info/warning/error messages (HO)
)
("C:\Program Files\MiKTeX 2.9\tex\generic\oberdiek\ltxcmds.sty"
Package: ltxcmds 2016/05/16 v1.23 LaTeX kernel commands for general use (HO)
)
\Gread@gobject=\count87
))
\Gin@req@height=\dimen103
\Gin@req@width=\dimen104
)
("C:\Program Files\MiKTeX 2.9\tex\latex\graphics\color.sty"
Package: color 2016/07/10 v1.1e Standard LaTeX Color (DPC)

("C:\Program Files\MiKTeX 2.9\tex\latex\graphics-cfg\color.cfg"
File: color.cfg 2016/01/02 v1.6 sample color configuration
)
Package color Info: Driver file: pdftex.def on input line 147.
)
("C:\Program Files\MiKTeX 2.9\tex\latex\graphics\rotating.sty"
Package: rotating 2016/08/11 v2.16d rotated objects in LaTeX

("C:\Program Files\MiKTeX 2.9\tex\latex\base\ifthen.sty"
Package: ifthen 2014/09/29 v1.1c Standard LaTeX ifthen package (DPC)
)
\c@r@tfl@t=\count88
\rotFPtop=\skip43
\rotFPbot=\skip44
\rot@float@box=\box26
\rot@mess@toks=\toks15
)
("C:\Program Files\MiKTeX 2.9\tex\latex\polski\polski.sty"
Package: polski 2017/05/04 v1.3.4 Polish language package

("C:\Program Files\MiKTeX 2.9\tex\latex\base\ot4enc.def"
File: ot4enc.def 2017/04/05 v2.0i Standard LaTeX file
)
LaTeX Font Info:    Overwriting math alphabet `\mathbf' in version `normal'
(Font)                  OT1/cmr/bx/n --> OT4/cmr/bx/n on input line 324.
LaTeX Font Info:    Overwriting math alphabet `\mathsf' in version `normal'
(Font)                  OT1/cmss/m/n --> OT4/cmss/m/n on input line 324.
LaTeX Font Info:    Overwriting math alphabet `\mathit' in version `normal'
(Font)                  OT1/cmr/m/it --> OT4/cmr/m/it on input line 324.
LaTeX Font Info:    Overwriting math alphabet `\mathtt' in version `normal'
(Font)                  OT1/cmtt/m/n --> OT4/cmtt/m/n on input line 324.
LaTeX Font Info:    Overwriting math alphabet `\mathsf' in version `bold'
(Font)                  OT1/cmss/bx/n --> OT4/cmss/bx/n on input line 324.
LaTeX Font Info:    Overwriting math alphabet `\mathit' in version `bold'
(Font)                  OT1/cmr/bx/it --> OT4/cmr/bx/it on input line 324.
LaTeX Font Info:    Encoding `OT1' has changed to `OT4' for symbol font
(Font)              `operators' in the math version `normal' on input line 324.

LaTeX Font Info:    Overwriting symbol font `operators' in version `normal'
(Font)                  OT1/cmr/m/n --> OT4/cmr/m/n on input line 324.
LaTeX Font Info:    Overwriting symbol font `letters' in version `normal'
(Font)                  OML/cmm/m/it --> OML/plm/m/it on input line 324.
LaTeX Font Info:    Overwriting symbol font `symbols' in version `normal'
(Font)                  OMS/cmsy/m/n --> OMS/plsy/m/n on input line 324.
LaTeX Font Info:    Overwriting symbol font `largesymbols' in version `normal'
(Font)                  OMX/cmex/m/n --> OMX/plex/m/n on input line 324.
LaTeX Font Info:    Encoding `OT1' has changed to `OT4' for symbol font
(Font)              `operators' in the math version `bold' on input line 324.
LaTeX Font Info:    Overwriting symbol font `operators' in version `bold'
(Font)                  OT1/cmr/bx/n --> OT4/cmr/bx/n on input line 324.
LaTeX Font Info:    Overwriting symbol font `letters' in version `bold'
(Font)                  OML/cmm/b/it --> OML/plm/b/it on input line 324.
LaTeX Font Info:    Overwriting symbol font `symbols' in version `bold'
(Font)                  OMS/cmsy/b/n --> OMS/plsy/b/n on input line 324.

   Switching to Polish text encoding and Polish maths fonts.
LaTeX Font Info:    Try loading font information for OT4+cmr on input line 360.

("C:\Program Files\MiKTeX 2.9\tex\latex\polski\ot4cmr.fd"
File: ot4cmr.fd 2008/02/24 v1.2.1 Font defs for fonts PL (MW)
)
LaTeX Font Info:    Overwriting math alphabet `\mathbf' in version `normal'
(Font)                  OT4/cmr/bx/n --> OT4/cmr/bx/n on input line 360.
LaTeX Font Info:    Overwriting math alphabet `\mathsf' in version `normal'
(Font)                  OT4/cmss/m/n --> OT4/cmss/m/n on input line 360.
LaTeX Font Info:    Overwriting math alphabet `\mathit' in version `normal'
(Font)                  OT4/cmr/m/it --> OT4/cmr/m/it on input line 360.
LaTeX Font Info:    Overwriting math alphabet `\mathtt' in version `normal'
(Font)                  OT4/cmtt/m/n --> OT4/cmtt/m/n on input line 360.
LaTeX Font Info:    Overwriting math alphabet `\mathsf' in version `bold'
(Font)                  OT4/cmss/bx/n --> OT4/cmss/bx/n on input line 360.
LaTeX Font Info:    Overwriting math alphabet `\mathit' in version `bold'
(Font)                  OT4/cmr/bx/it --> OT4/cmr/bx/it on input line 360.
LaTeX Font Info:    Overwriting symbol font `operators' in version `normal'
(Font)                  OT4/cmr/m/n --> OT4/cmr/m/n on input line 360.
LaTeX Font Info:    Overwriting symbol font `letters' in version `normal'
(Font)                  OML/plm/m/it --> OML/plm/m/it on input line 360.
LaTeX Font Info:    Overwriting symbol font `symbols' in version `normal'
(Font)                  OMS/plsy/m/n --> OMS/plsy/m/n on input line 360.
LaTeX Font Info:    Overwriting symbol font `largesymbols' in version `normal'
(Font)                  OMX/plex/m/n --> OMX/plex/m/n on input line 360.
LaTeX Font Info:    Overwriting symbol font `operators' in version `bold'
(Font)                  OT4/cmr/bx/n --> OT4/cmr/bx/n on input line 360.
LaTeX Font Info:    Overwriting symbol font `letters' in version `bold'
(Font)                  OML/plm/b/it --> OML/plm/b/it on input line 360.
LaTeX Font Info:    Overwriting symbol font `symbols' in version `bold'
(Font)                  OMS/plsy/b/n --> OMS/plsy/b/n on input line 360.
LaTeX Font Info:    Redeclaring math symbol \xleq on input line 360.
LaTeX Font Info:    Redeclaring math symbol \xgeq on input line 360.
)
("C:\Program Files\MiKTeX 2.9\tex\latex\base\fontenc.sty"
Package: fontenc 2017/04/05 v2.0i Standard LaTeX package

("C:\Program Files\MiKTeX 2.9\tex\latex\base\ot4enc.def"
File: ot4enc.def 2017/04/05 v2.0i Standard LaTeX file
LaTeX Font Info:    Redeclaring font encoding OT4 on input line 48.
))
("C:\Program Files\MiKTeX 2.9\tex\latex\ae\ae.sty"
Package: ae 2001/02/12 1.3 Almost European Computer Modern

("C:\Program Files\MiKTeX 2.9\tex\latex\base\fontenc.sty"
Package: fontenc 2017/04/05 v2.0i Standard LaTeX package

("C:\Program Files\MiKTeX 2.9\tex\latex\base\t1enc.def"
File: t1enc.def 2017/04/05 v2.0i Standard LaTeX file
LaTeX Font Info:    Redeclaring font encoding T1 on input line 48.
)
LaTeX Font Info:    Try loading font information for T1+aer on input line 105.

("C:\Program Files\MiKTeX 2.9\tex\latex\ae\t1aer.fd"
File: t1aer.fd 1997/11/16 Font definitions for T1/aer.
)))
("C:\Program Files\MiKTeX 2.9\tex\latex\ae\aecompl.sty"
Package: aecompl 1998/07/23 0.9 T1 Complements for AE fonts (D. Roegel)
)
("C:\Program Files\MiKTeX 2.9\tex\latex\base\inputenc.sty"
Package: inputenc 2015/03/17 v1.2c Input encoding file
\inpenc@prehook=\toks16
\inpenc@posthook=\toks17

("C:\Program Files\MiKTeX 2.9\tex\latex\base\cp1250.def"
File: cp1250.def 2015/03/17 v1.2c Input encoding file
))
("C:\Program Files\MiKTeX 2.9\tex\latex\a4wide\a4wide.sty"
Package: a4wide 1994/08/30

("C:\Program Files\MiKTeX 2.9\tex\latex\ntgclass\a4.sty"
Package: a4 2004/04/15 v1.2g A4 based page layout
))
("C:\Program Files\MiKTeX 2.9\tex\latex\amsmath\amsmath.sty"
Package: amsmath 2016/11/05 v2.16a AMS math features
\@mathmargin=\skip45

For additional information on amsmath, use the `?' option.
("C:\Program Files\MiKTeX 2.9\tex\latex\amsmath\amstext.sty"
Package: amstext 2000/06/29 v2.01 AMS text

("C:\Program Files\MiKTeX 2.9\tex\latex\amsmath\amsgen.sty"
File: amsgen.sty 1999/11/30 v2.0 generic functions
\@emptytoks=\toks18
\ex@=\dimen105
))
("C:\Program Files\MiKTeX 2.9\tex\latex\amsmath\amsbsy.sty"
Package: amsbsy 1999/11/29 v1.2d Bold Symbols
\pmbraise@=\dimen106
)
("C:\Program Files\MiKTeX 2.9\tex\latex\amsmath\amsopn.sty"
Package: amsopn 2016/03/08 v2.02 operator names
)
\inf@bad=\count89
LaTeX Info: Redefining \frac on input line 213.
\uproot@=\count90
\leftroot@=\count91
LaTeX Info: Redefining \overline on input line 375.
\classnum@=\count92
\DOTSCASE@=\count93
LaTeX Info: Redefining \ldots on input line 472.
LaTeX Info: Redefining \dots on input line 475.
LaTeX Info: Redefining \cdots on input line 596.
\Mathstrutbox@=\box27
\strutbox@=\box28
\big@size=\dimen107
LaTeX Font Info:    Redeclaring font encoding OML on input line 712.
LaTeX Font Info:    Redeclaring font encoding OMS on input line 713.
\macc@depth=\count94
\c@MaxMatrixCols=\count95
\dotsspace@=\muskip10
\c@parentequation=\count96
\dspbrk@lvl=\count97
\tag@help=\toks19
\row@=\count98
\column@=\count99
\maxfields@=\count100
\andhelp@=\toks20
\eqnshift@=\dimen108
\alignsep@=\dimen109
\tagshift@=\dimen110
\tagwidth@=\dimen111
\totwidth@=\dimen112
\lineht@=\dimen113
\@envbody=\toks21
\multlinegap=\skip46
\multlinetaggap=\skip47
\mathdisplay@stack=\toks22
LaTeX Info: Redefining \[ on input line 2817.
LaTeX Info: Redefining \] on input line 2818.
)
("C:\Program Files\MiKTeX 2.9\tex\latex\amsfonts\amssymb.sty"
Package: amssymb 2013/01/14 v3.01 AMS font symbols

("C:\Program Files\MiKTeX 2.9\tex\latex\amsfonts\amsfonts.sty"
Package: amsfonts 2013/01/14 v3.01 Basic AMSFonts support
\symAMSa=\mathgroup4
\symAMSb=\mathgroup5
LaTeX Font Info:    Overwriting math alphabet `\mathfrak' in version `bold'
(Font)                  U/euf/m/n --> U/euf/b/n on input line 106.
))
("C:\Program Files\MiKTeX 2.9\tex\latex\base\latexsym.sty"
Package: latexsym 1998/08/17 v2.2e Standard LaTeX package (lasy symbols)
\symlasy=\mathgroup6
LaTeX Font Info:    Overwriting symbol font `lasy' in version `bold'
(Font)                  U/lasy/m/n --> U/lasy/b/n on input line 52.
)
("C:\Program Files\MiKTeX 2.9\tex\latex\tools\array.sty"
Package: array 2016/10/06 v2.4d Tabular extension package (FMi)
\col@sep=\dimen114
\extrarowheight=\dimen115
\NC@list=\toks23
\extratabsurround=\skip48
\backup@length=\skip49
)
("C:\Program Files\MiKTeX 2.9\tex\latex\tools\bm.sty"
Package: bm 2017/01/16 v1.2c Bold Symbol Support (DPC/FMi)
\symboldoperators=\mathgroup7
\symboldletters=\mathgroup8
\symboldsymbols=\mathgroup9
\symboldlargesymbols=\mathgroup10
LaTeX Font Info:    Redeclaring math alphabet \mathbf on input line 141.
LaTeX Info: Redefining \bm on input line 207.
)
("C:\Program Files\MiKTeX 2.9\tex\latex\cite\cite.sty"
LaTeX Info: Redefining \cite on input line 302.
LaTeX Info: Redefining \nocite on input line 332.
Package: cite 2015/02/27  v 5.5
)
("C:\Program Files\MiKTeX 2.9\tex\latex\tools\enumerate.sty"
Package: enumerate 2015/07/23 v3.00 enumerate extensions (DPC)
\@enLab=\toks24
)
("C:\Program Files\MiKTeX 2.9\tex\latex\caption\caption.sty"
Package: caption 2016/02/21 v3.3-144 Customizing captions (AR)

("C:\Program Files\MiKTeX 2.9\tex\latex\caption\caption3.sty"
Package: caption3 2016/05/22 v1.7-166 caption3 kernel (AR)
Package caption3 Info: TeX engine: e-TeX on input line 67.
\captionmargin=\dimen116
\captionmargin@=\dimen117
\captionwidth=\dimen118
\caption@tempdima=\dimen119
\caption@indent=\dimen120
\caption@parindent=\dimen121
\caption@hangindent=\dimen122
)
\c@ContinuedFloat=\count101
Package caption Info: rotating package is loaded.
)
("C:\Program Files\MiKTeX 2.9\tex\latex\float\float.sty"
Package: float 2001/11/08 v1.3d Float enhancements (AL)
\c@float@type=\count102
\float@exts=\toks25
\float@box=\box29
\@float@everytoks=\toks26
\@floatcapt=\box30
)
("C:\Program Files\MiKTeX 2.9\tex\latex\subfig\subfig.sty"
Package: subfig 2005/06/28 ver: 1.3 subfig package
\c@KVtest=\count103
\sf@farskip=\skip50
\sf@captopadj=\dimen123
\sf@capskip=\skip51
\sf@nearskip=\skip52
\c@subfigure=\count104
\c@subfigure@save=\count105
\c@lofdepth=\count106
\c@subtable=\count107
\c@subtable@save=\count108
\c@lotdepth=\count109
\sf@top=\skip53
\sf@bottom=\skip54
)
("C:\Program Files\MiKTeX 2.9\tex\latex\tools\verbatim.sty"
Package: verbatim 2014/10/28 v1.5q LaTeX2e package for verbatim enhancements
\every@verbatim=\toks27
\verbatim@line=\toks28
\verbatim@in@stream=\read1
)
("C:\Program Files\MiKTeX 2.9\tex\latex\hyperref\hyperref.sty"
Package: hyperref 2017/03/14 v6.85a Hypertext links for LaTeX

("C:\Program Files\MiKTeX 2.9\tex\generic\oberdiek\hobsub-hyperref.sty"
Package: hobsub-hyperref 2016/05/16 v1.14 Bundle oberdiek, subset hyperref (HO)


("C:\Program Files\MiKTeX 2.9\tex\generic\oberdiek\hobsub-generic.sty"
Package: hobsub-generic 2016/05/16 v1.14 Bundle oberdiek, subset generic (HO)
Package: hobsub 2016/05/16 v1.14 Construct package bundles (HO)
Package hobsub Info: Skipping package `infwarerr' (already loaded).
Package hobsub Info: Skipping package `ltxcmds' (already loaded).
Package: ifluatex 2016/05/16 v1.4 Provides the ifluatex switch (HO)
Package ifluatex Info: LuaTeX not detected.
Package: ifvtex 2016/05/16 v1.6 Detect VTeX and its facilities (HO)
Package ifvtex Info: VTeX not detected.
Package: intcalc 2016/05/16 v1.2 Expandable calculations with integers (HO)
Package: ifpdf 2017/03/15 v3.2 Provides the ifpdf switch
Package: etexcmds 2016/05/16 v1.6 Avoid name clashes with e-TeX commands (HO)
Package etexcmds Info: Could not find \expanded.
(etexcmds)             That can mean that you are not using pdfTeX 1.50 or
(etexcmds)             that some package has redefined \expanded.
(etexcmds)             In the latter case, load this package earlier.
Package: kvsetkeys 2016/05/16 v1.17 Key value parser (HO)
Package: kvdefinekeys 2016/05/16 v1.4 Define keys (HO)
Package: pdftexcmds 2017/03/19 v0.25 Utility functions of pdfTeX for LuaTeX (HO
)
Package pdftexcmds Info: LuaTeX not detected.
Package pdftexcmds Info: \pdf@primitive is available.
Package pdftexcmds Info: \pdf@ifprimitive is available.
Package pdftexcmds Info: \pdfdraftmode found.
Package: pdfescape 2016/05/16 v1.14 Implements pdfTeX's escape features (HO)
Package: bigintcalc 2016/05/16 v1.4 Expandable calculations on big integers (HO
)
Package: bitset 2016/05/16 v1.2 Handle bit-vector datatype (HO)
Package: uniquecounter 2016/05/16 v1.3 Provide unlimited unique counter (HO)
)
Package hobsub Info: Skipping package `hobsub' (already loaded).
Package: letltxmacro 2016/05/16 v1.5 Let assignment for LaTeX macros (HO)
Package: hopatch 2016/05/16 v1.3 Wrapper for package hooks (HO)
Package: xcolor-patch 2016/05/16 xcolor patch
Package: atveryend 2016/05/16 v1.9 Hooks at the very end of document (HO)
Package atveryend Info: \enddocument detected (standard20110627).
Package: atbegshi 2016/06/09 v1.18 At begin shipout hook (HO)
Package: refcount 2016/05/16 v3.5 Data extraction from label references (HO)
Package: hycolor 2016/05/16 v1.8 Color options for hyperref/bookmark (HO)
)
("C:\Program Files\MiKTeX 2.9\tex\generic\ifxetex\ifxetex.sty"
Package: ifxetex 2010/09/12 v0.6 Provides ifxetex conditional
)
("C:\Program Files\MiKTeX 2.9\tex\latex\oberdiek\auxhook.sty"
Package: auxhook 2016/05/16 v1.4 Hooks for auxiliary files (HO)
)
("C:\Program Files\MiKTeX 2.9\tex\latex\oberdiek\kvoptions.sty"
Package: kvoptions 2016/05/16 v3.12 Key value format for package options (HO)
)
\@linkdim=\dimen124
\Hy@linkcounter=\count110
\Hy@pagecounter=\count111

("C:\Program Files\MiKTeX 2.9\tex\latex\hyperref\pd1enc.def"
File: pd1enc.def 2017/03/14 v6.85a Hyperref: PDFDocEncoding definition (HO)
)
\Hy@SavedSpaceFactor=\count112

("C:\Program Files\MiKTeX 2.9\tex\latex\00miktex\hyperref.cfg"
File: hyperref.cfg 2002/06/06 v1.2 hyperref configuration of TeXLive
)
Package hyperref Info: Hyper figures OFF on input line 4498.
Package hyperref Info: Link nesting OFF on input line 4503.
Package hyperref Info: Hyper index ON on input line 4506.
Package hyperref Info: Plain pages OFF on input line 4513.
Package hyperref Info: Backreferencing OFF on input line 4518.
Package hyperref Info: Implicit mode ON; LaTeX internals redefined.
Package hyperref Info: Bookmarks ON on input line 4751.
\c@Hy@tempcnt=\count113

("C:\Program Files\MiKTeX 2.9\tex\latex\url\url.sty"
\Urlmuskip=\muskip11
Package: url 2013/09/16  ver 3.4  Verb mode for urls, etc.
)
LaTeX Info: Redefining \url on input line 5104.
\XeTeXLinkMargin=\dimen125
\Fld@menulength=\count114
\Field@Width=\dimen126
\Fld@charsize=\dimen127
Package hyperref Info: Hyper figures OFF on input line 6358.
Package hyperref Info: Link nesting OFF on input line 6363.
Package hyperref Info: Hyper index ON on input line 6366.
Package hyperref Info: backreferencing OFF on input line 6373.
Package hyperref Info: Link coloring OFF on input line 6378.
Package hyperref Info: Link coloring with OCG OFF on input line 6383.
Package hyperref Info: PDF/A mode OFF on input line 6388.
LaTeX Info: Redefining \ref on input line 6428.
LaTeX Info: Redefining \pageref on input line 6432.
\Hy@abspage=\count115
\c@Item=\count116
\c@Hfootnote=\count117
)

Package hyperref Message: Driver (autodetected): hpdftex.

("C:\Program Files\MiKTeX 2.9\tex\latex\hyperref\hpdftex.def"
File: hpdftex.def 2017/03/14 v6.85a Hyperref driver for pdfTeX
\Fld@listcount=\count118
\c@bookmark@seq@number=\count119

("C:\Program Files\MiKTeX 2.9\tex\latex\oberdiek\rerunfilecheck.sty"
Package: rerunfilecheck 2016/05/16 v1.8 Rerun checks for auxiliary files (HO)
Package uniquecounter Info: New unique counter `rerunfilecheck' on input line 2
82.
)
\Hy@SectionHShift=\skip55
)
("C:\Program Files\MiKTeX 2.9\tex\latex\tools\indentfirst.sty"
Package: indentfirst 1995/11/23 v1.03 Indent first paragraph (DPC)
)
("C:\Program Files\MiKTeX 2.9\tex\latex\geometry\geometry.sty"
Package: geometry 2010/09/12 v5.6 Page Geometry
\Gm@cnth=\count120
\Gm@cntv=\count121
\c@Gm@tempcnt=\count122
\Gm@bindingoffset=\dimen128
\Gm@wd@mp=\dimen129
\Gm@odd@mp=\dimen130
\Gm@even@mp=\dimen131
\Gm@layoutwidth=\dimen132
\Gm@layoutheight=\dimen133
\Gm@layouthoffset=\dimen134
\Gm@layoutvoffset=\dimen135
\Gm@dimlist=\toks29

("C:\Program Files\MiKTeX 2.9\tex\latex\geometry\geometry.cfg"))
("C:\Program Files\MiKTeX 2.9\tex\latex\was\upgreek.sty"
Package: upgreek 2003/02/12 v2.0 (WaS)
Package upgreek Info: Using Euler Roman for upright Greek on input line 31.
\symugrf@m=\mathgroup11
LaTeX Font Info:    Overwriting symbol font `ugrf@m' in version `bold'
(Font)                  U/eur/m/n --> U/eur/b/n on input line 38.
)
("C:\Program Files\MiKTeX 2.9\tex\latex\nowidow\nowidow.sty"
Package: nowidow 2011/09/20 1.0 Easily prevent widows and orphans
Package: nowidow 
)
("C:\Program Files\MiKTeX 2.9\tex\latex\fancyhdr\fancyhdr.sty"
Package: fancyhdr 2017/06/30 v3.9a Extensive control of page headers and footer
s
\f@nch@headwidth=\skip56
\f@nch@O@elh=\skip57
\f@nch@O@erh=\skip58
\f@nch@O@olh=\skip59
\f@nch@O@orh=\skip60
\f@nch@O@elf=\skip61
\f@nch@O@erf=\skip62
\f@nch@O@olf=\skip63
\f@nch@O@orf=\skip64
)
("C:\Program Files\MiKTeX 2.9\tex\latex\pdfpages\pdfpages.sty"
Package: pdfpages 2017/10/31 v0.5l Insert pages of external PDF documents (AM)

("C:\Program Files\MiKTeX 2.9\tex\latex\tools\calc.sty"
Package: calc 2014/10/28 v4.3 Infix arithmetic (KKT,FJ)
\calc@Acount=\count123
\calc@Bcount=\count124
\calc@Adimen=\dimen136
\calc@Bdimen=\dimen137
\calc@Askip=\skip65
\calc@Bskip=\skip66
LaTeX Info: Redefining \setlength on input line 80.
LaTeX Info: Redefining \addtolength on input line 81.
\calc@Ccount=\count125
\calc@Cskip=\skip67
)
("C:\Program Files\MiKTeX 2.9\tex\latex\eso-pic\eso-pic.sty"
Package: eso-pic 2015/07/21 v2.0g eso-pic (RN)
)
\AM@pagewidth=\dimen138
\AM@pageheight=\dimen139

("C:\Program Files\MiKTeX 2.9\tex\latex\pdfpages\pppdftex.def"
File: pppdftex.def 2017/10/31 v0.5l Pdfpages driver for pdfTeX (AM)
)
\AM@pagebox=\box31
\AM@global@opts=\toks30
\AM@toc@title=\toks31
\c@AM@survey=\count126
\AM@templatesizebox=\box32
)
("C:\Program Files\MiKTeX 2.9\tex\latex\oberdiek\pdflscape.sty"
Package: pdflscape 2016/05/14 v0.11 Display of landscape pages in PDF (HO)

("C:\Program Files\MiKTeX 2.9\tex\latex\graphics\lscape.sty"
Package: lscape 2000/10/22 v3.01 Landscape Pages (DPC)
)
Package pdflscape Info: Auto-detected driver: pdftex on input line 81.
)

LaTeX Warning: Unused global option(s):
    [openright].

(praca_inz.aux

LaTeX Warning: Label `absolutne' multiply defined.

)
\openout1 = `praca_inz.aux'.

LaTeX Font Info:    Checking defaults for OML/cmm/m/it on input line 60.
LaTeX Font Info:    ... okay on input line 60.
LaTeX Font Info:    Checking defaults for T1/cmr/m/n on input line 60.
LaTeX Font Info:    ... okay on input line 60.
LaTeX Font Info:    Checking defaults for OT1/cmr/m/n on input line 60.
LaTeX Font Info:    ... okay on input line 60.
LaTeX Font Info:    Checking defaults for OMS/cmsy/m/n on input line 60.
LaTeX Font Info:    ... okay on input line 60.
LaTeX Font Info:    Checking defaults for OMX/cmex/m/n on input line 60.
LaTeX Font Info:    ... okay on input line 60.
LaTeX Font Info:    Checking defaults for U/cmr/m/n on input line 60.
LaTeX Font Info:    ... okay on input line 60.
LaTeX Font Info:    Checking defaults for OT4/cmr/m/n on input line 60.
LaTeX Font Info:    ... okay on input line 60.
LaTeX Font Info:    Checking defaults for PD1/pdf/m/n on input line 60.
LaTeX Font Info:    ... okay on input line 60.
 (C:\Users\Admin\AppData\Roaming\MiKTeX\2.9\tex\context\base\supp-pdf.mkii
[Loading MPS to PDF converter (version 2006.09.02).]
\scratchcounter=\count127
\scratchdimen=\dimen140
\scratchbox=\box33
\nofMPsegments=\count128
\nofMParguments=\count129
\everyMPshowfont=\toks32
\MPscratchCnt=\count130
\MPscratchDim=\dimen141
\MPnumerator=\count131
\makeMPintoPDFobject=\count132
\everyMPtoPDFconversion=\toks33
) ("C:\Program Files\MiKTeX 2.9\tex\latex\oberdiek\epstopdf-base.sty"
Package: epstopdf-base 2016/05/15 v2.6 Base part for package epstopdf

("C:\Program Files\MiKTeX 2.9\tex\latex\oberdiek\grfext.sty"
Package: grfext 2016/05/16 v1.2 Manage graphics extensions (HO)
)
Package epstopdf-base Info: Redefining graphics rule for `.eps' on input line 4
38.
Package grfext Info: Graphics extension search list:
(grfext)             [.jpeg,.png,.jpg,.eps]
(grfext)             \AppendGraphicsExtensions on input line 456.
)
Package caption Info: Begin \AtBeginDocument code.
Package caption Info: subfig package v1.3 is loaded.
Package caption Info: float package is loaded.
Package caption Info: hyperref package is loaded.
Package caption Info: End \AtBeginDocument code.
\AtBeginShipoutBox=\box34
Package hyperref Info: Link coloring OFF on input line 60.

("C:\Program Files\MiKTeX 2.9\tex\latex\hyperref\nameref.sty"
Package: nameref 2016/05/21 v2.44 Cross-referencing by name of section

("C:\Program Files\MiKTeX 2.9\tex\generic\oberdiek\gettitlestring.sty"
Package: gettitlestring 2016/05/16 v1.5 Cleanup title references (HO)
)
\c@section@level=\count133
)
LaTeX Info: Redefining \ref on input line 60.
LaTeX Info: Redefining \pageref on input line 60.
LaTeX Info: Redefining \nameref on input line 60.

(praca_inz.out) (praca_inz.out)
\@outlinefile=\write3
\openout3 = `praca_inz.out'.


*geometry* driver: auto-detecting
*geometry* detected driver: pdftex
*geometry* verbose mode - [ preamble ] result:
* driver: pdftex
* paper: a4paper
* layout: <same size as paper>
* layoutoffset:(h,v)=(0.0pt,0.0pt)
* bindingoffset: 28.45274pt
* modes: twoside 
* h-part:(L,W,R)=(56.9055pt, 455.24413pt, 56.9055pt)
* v-part:(T,H,B)=(71.13188pt, 702.78308pt, 71.13188pt)
* \paperwidth=597.50787pt
* \paperheight=845.04684pt
* \textwidth=455.24413pt
* \textheight=702.78308pt
* \oddsidemargin=13.08826pt
* \evensidemargin=-15.36449pt
* \topmargin=-38.1381pt
* \headheight=12.0pt
* \headsep=25.0pt
* \topskip=11.0pt
* \footskip=30.0pt
* \marginparwidth=54.2025pt
* \marginparsep=10.0pt
* \columnsep=10.0pt
* \skip\footins=10.0pt plus 4.0pt minus 2.0pt
* \hoffset=0.0pt
* \voffset=0.0pt
* \mag=1000
* \@twocolumnfalse
* \@twosidetrue
* \@mparswitchtrue
* \@reversemarginfalse
* (1in=72.27pt=25.4mm, 1cm=28.453pt)



pdfTeX warning: pdflatex (file ./Title_page.pdf): PDF inclusion: found PDF vers
ion <1.7>, but at most version <1.5> allowed
<Title_page.pdf, id=135, 597.55246pt x 845.07724pt>
File: Title_page.pdf Graphic file (type pdf)
 <use Title_page.pdf>
Package pdftex.def Info: Title_page.pdf used on input line 63.
(pdftex.def)             Requested size: 597.551pt x 845.07518pt.


pdfTeX warning: pdflatex (file ./Title_page.pdf): PDF inclusion: found PDF vers
ion <1.7>, but at most version <1.5> allowed
File: Title_page.pdf Graphic file (type pdf)
<use Title_page.pdf>
Package pdftex.def Info: Title_page.pdf used on input line 63.
(pdftex.def)             Requested size: 597.551pt x 845.07518pt.


pdfTeX warning: pdflatex (file ./Title_page.pdf): PDF inclusion: found PDF vers
ion <1.7>, but at most version <1.5> allowed


pdfTeX warning: pdflatex (file ./Title_page.pdf): PDF inclusion: found PDF vers
ion <1.7>, but at most version <1.5> allowed
<Title_page.pdf, id=138, page=1, 597.55246pt x 845.07724pt>
File: Title_page.pdf Graphic file (type pdf)

<use Title_page.pdf, page 1>
Package pdftex.def Info: Title_page.pdf, page1 used on input line 63.
(pdftex.def)             Requested size: 597.551pt x 845.07518pt.
File: Title_page.pdf Graphic file (type pdf)
 <use Title_page.pdf, page 1>
Package pdftex.def Info: Title_page.pdf, page1 used on input line 63.
(pdftex.def)             Requested size: 597.57834pt x 845.11386pt.
File: Title_page.pdf Graphic file (type pdf)

<use Title_page.pdf, page 1>
Package pdftex.def Info: Title_page.pdf, page1 used on input line 63.
(pdftex.def)             Requested size: 597.57834pt x 845.11386pt.
File: Title_page.pdf Graphic file (type pdf)
 <use Title_page.pdf, page 1>
Package pdftex.def Info: Title_page.pdf, page1 used on input line 63.
(pdftex.def)             Requested size: 597.57834pt x 845.11386pt.
File: Title_page.pdf Graphic file (type pdf)

<use Title_page.pdf, page 1>
Package pdftex.def Info: Title_page.pdf, page1 used on input line 63.
(pdftex.def)             Requested size: 597.57834pt x 845.11386pt.
 [1

 <./Title_page.pdf>] [2

]
Underfull \hbox (badness 10000) in paragraph at lines 81--82

 []

[3{C:/ProgramData/MiKTeX/2.9/pdftex/config/pdftex.map}]
Underfull \hbox (badness 10000) in paragraph at lines 97--98

 []

[4]
LaTeX Font Info:    Try loading font information for OML+plm on input line 118.

 ("C:\Program Files\MiKTeX 2.9\tex\latex\polski\omlplm.fd"
File: omlplm.fd 2008/02/24 v1.2.1 Font defs for fonts PL (MW)
)
LaTeX Font Info:    Try loading font information for OMS+plsy on input line 118
.

("C:\Program Files\MiKTeX 2.9\tex\latex\polski\omsplsy.fd"
File: omsplsy.fd 2008/02/24 v1.2.1 Font defs for fonts PL (MW)
)
LaTeX Font Info:    Try loading font information for OMX+plex on input line 118
.

("C:\Program Files\MiKTeX 2.9\tex\latex\polski\omxplex.fd"
File: omxplex.fd 2008/02/24 v1.2.1 Font defs for fonts PL (MW)
)
LaTeX Font Info:    External font `plex10' loaded for size
(Font)              <10.95> on input line 118.
LaTeX Font Info:    External font `plex10' loaded for size
(Font)              <8> on input line 118.
LaTeX Font Info:    External font `plex10' loaded for size
(Font)              <6> on input line 118.
LaTeX Font Info:    Try loading font information for U+msa on input line 118.

("C:\Program Files\MiKTeX 2.9\tex\latex\amsfonts\umsa.fd"
File: umsa.fd 2013/01/14 v3.01 AMS symbols A
)
LaTeX Font Info:    Try loading font information for U+msb on input line 118.

("C:\Program Files\MiKTeX 2.9\tex\latex\amsfonts\umsb.fd"
File: umsb.fd 2013/01/14 v3.01 AMS symbols B
)
LaTeX Font Info:    Try loading font information for U+lasy on input line 118.

("C:\Program Files\MiKTeX 2.9\tex\latex\base\ulasy.fd"
File: ulasy.fd 1998/08/17 v2.2e LaTeX symbol font definitions
)
Overfull \hbox (20.72905pt too wide) in paragraph at lines 118--123
[][]
 []

LaTeX Font Info:    External font `plex10' loaded for size
(Font)              <9> on input line 126.
LaTeX Font Info:    External font `plex10' loaded for size
(Font)              <5> on input line 126.

LaTeX Warning: The counter will not be printed.
             The label is: nosep on input line 128.


Overfull \hbox (20.72905pt too wide) in paragraph at lines 136--140
[][] 
 []

[5

] [6


] (praca_inz.toc)
\tf@toc=\write4
\openout4 = `praca_inz.toc'.

 [7] [8


]
LaTeX Font Info:    Try loading font information for OMS+aer on input line 153.


("C:\Program Files\MiKTeX 2.9\tex\latex\ae\omsaer.fd"
File: omsaer.fd 1999/12/27
)
LaTeX Font Info:    Font shape `OMS/aer/m/n' in size <10.95> not available
(Font)              Font shape `OMS/cmsy/m/n' tried instead on input line 153.
 [9]
Underfull \hbox (badness 10000) has occurred while \output is active
\T1/aer/m/n/10.95 10
 []

[10] <./graf/para_obrotowa.png, id=262, 962.84718pt x 485.56406pt>
File: ./graf/para_obrotowa.png Graphic file (type png)

<use ./graf/para_obrotowa.png>
Package pdftex.def Info: ./graf/para_obrotowa.png used on input line 226.
(pdftex.def)             Requested size: 364.19669pt x 183.6642pt.
 [11


]
Underfull \hbox (badness 10000) has occurred while \output is active
\T1/aer/m/n/10.95 12
 []

[12 <./graf/para_obrotowa.png>]
LaTeX Font Info:    Font shape `U/lasy/b/n' in size <8> not available
(Font)              Font shape `U/lasy/m/n' tried instead on input line 354.
LaTeX Font Info:    Font shape `U/lasy/b/n' in size <6> not available
(Font)              Font shape `U/lasy/m/n' tried instead on input line 354.
 [13]
Underfull \hbox (badness 10000) has occurred while \output is active
\T1/aer/m/n/10.95 14
 []

[14]
Overfull \hbox (7.43585pt too wide) in paragraph at lines 437--437
[]\T1/aer/bx/n/12 Sformuªowanie rów-na« dy-na-mi-ki dla czªo-nów skr¦-po-wa-nyc
h wi¦-za-mi z u»y-
 []

[15]
Overfull \hbox (3.98839pt too wide) in paragraph at lines 494--495
[]\T1/aer/m/n/10.95 Zgodnie z [[]1[]] (s.262-263) po-wy»-sze sfor-mu-ªo-wa-nie 
to ukªad rów-na« ró»niczkowo-algebraicznych
 []


Underfull \hbox (badness 10000) has occurred while \output is active
\T1/aer/m/n/10.95 16
 []

[16]
Overfull \hbox (6.71855pt too wide) in paragraph at lines 497--497
[]\T1/aer/bx/n/14.4 Metody caª-ko-wa-nia rów-na« ró»-nicz-ko-wych zwy-czaj-nych
 (RRZ) 
 []

[17


]
Underfull \hbox (badness 10000) has occurred while \output is active
\T1/aer/m/n/10.95 18
 []

[18]
Overfull \hbox (3.5993pt too wide) in paragraph at lines 593--595
\T1/aer/m/n/10.95 Otrzymany ci¡g w od-po-wied-ni spo-sób od-wzo-ru-je za-cho-wa
-nie roz-wi¡-za-nia do-kªad-ne-go ([]3.11[]),
 []

[19]
Underfull \hbox (badness 10000) has occurred while \output is active
\T1/aer/m/n/10.95 20
 []

[20]

LaTeX Warning: Command \k invalid in math mode on input line 660.

Missing character: There is no ¦ in font plmi10!
[21]
Underfull \hbox (badness 10000) has occurred while \output is active
\T1/aer/m/n/10.95 22
 []

[22] <./graf/matlab_metody_calk.png, id=437, 816.80156pt x 380.92313pt>
File: ./graf/matlab_metody_calk.png Graphic file (type png)

<use ./graf/matlab_metody_calk.png>
Package pdftex.def Info: ./graf/matlab_metody_calk.png used on input line 725.
(pdftex.def)             Requested size: 455.24413pt x 212.30994pt.
 [23 <./graf/matlab_metody_calk.png>]
[24


]
Overfull \hbox (6.35843pt too wide) in paragraph at lines 733--734
\T1/aer/m/n/10.95 ukªa-dów wie-lo-czªo-no-wych jest ko-niecz-no±¢ roz-wi¡-za-ni
a ukªa-du rów-na« ró»niczkowo-algebraicznych
 []

[25]
Underfull \hbox (badness 10000) has occurred while \output is active
\T1/aer/m/n/10.95 26
 []

[26] [27]
Underfull \hbox (badness 10000) has occurred while \output is active
\T1/aer/m/n/10.95 28
 []

[28] [29


]
Underfull \hbox (badness 10000) has occurred while \output is active
\T1/aer/m/n/10.95 30
 []

[30] [31] <./graf/korbowo_wodzikowy.png, id=567, 518.6878pt x 361.35pt>
File: ./graf/korbowo_wodzikowy.png Graphic file (type png)

<use ./graf/korbowo_wodzikowy.png>
Package pdftex.def Info: ./graf/korbowo_wodzikowy.png used on input line 1078.
(pdftex.def)             Requested size: 227.62206pt x 158.57544pt.

Underfull \hbox (badness 10000) has occurred while \output is active
\T1/aer/m/n/10.95 32
 []

[32 <./graf/korbowo_wodzikowy.png>] [33]
Underfull \hbox (badness 10000) has occurred while \output is active
\T1/aer/m/n/10.95 34
 []

[34] [35]
Underfull \hbox (badness 10000) has occurred while \output is active
\T1/aer/m/n/10.95 36
 []

[36] [37]
Underfull \hbox (badness 10000) has occurred while \output is active
\T1/aer/m/n/10.95 38
 []

[38] <./graf/double_pend_rys.png, id=720, 2180.145pt x 1157.82562pt>
File: ./graf/double_pend_rys.png Graphic file (type png)

<use ./graf/double_pend_rys.png>
Package pdftex.def Info: ./graf/double_pend_rys.png used on input line 1341.
(pdftex.def)             Requested size: 409.71693pt x 217.58644pt.

<./graf/double_pend_adams.png, id=722, 1131.47719pt x 460.72125pt>
File: ./graf/double_pend_adams.png Graphic file (type png)

<use ./graf/double_pend_adams.png>
Package pdftex.def Info: ./graf/double_pend_adams.png used on input line 1347.
(pdftex.def)             Requested size: 364.19669pt x 148.29147pt.
LaTeX Font Info:    External font `plex10' loaded for size
(Font)              <10> on input line 1356.
LaTeX Font Info:    External font `plex10' loaded for size
(Font)              <7> on input line 1356.
 [39


 <./graf/double_pend_rys.png> <./graf/double_pend_adams.png>] <./graf/sym_adams
.jpg, id=736, 1371.1225pt x 653.44125pt>
File: ./graf/sym_adams.jpg Graphic file (type jpg)

<use ./graf/sym_adams.jpg>
Package pdftex.def Info: ./graf/sym_adams.jpg used on input line 1389.
(pdftex.def)             Requested size: 409.71693pt x 195.25616pt.

<./graf/sf1_mat_ad.jpg, id=738, 1371.1225pt x 653.44125pt>
File: ./graf/sf1_mat_ad.jpg Graphic file (type jpg)

<use ./graf/sf1_mat_ad.jpg>
Package pdftex.def Info: ./graf/sf1_mat_ad.jpg used on input line 1398.
(pdftex.def)             Requested size: 455.24413pt x 216.95241pt.

Underfull \hbox (badness 10000) has occurred while \output is active
\T1/aer/m/n/10.95 40
 []

[40 <./graf/sym_adams.jpg>]
<./graf/sf2_mat_ad.jpg, id=754, 1371.1225pt x 653.44125pt>
File: ./graf/sf2_mat_ad.jpg Graphic file (type jpg)

<use ./graf/sf2_mat_ad.jpg>
Package pdftex.def Info: ./graf/sf2_mat_ad.jpg used on input line 1406.
(pdftex.def)             Requested size: 455.24413pt x 216.95241pt.

<./graf/sf3_mat_ad.jpg, id=756, 1371.1225pt x 653.44125pt>
File: ./graf/sf3_mat_ad.jpg Graphic file (type jpg)

<use ./graf/sf3_mat_ad.jpg>
Package pdftex.def Info: ./graf/sf3_mat_ad.jpg used on input line 1414.
(pdftex.def)             Requested size: 455.24413pt x 216.95241pt.

Underfull \vbox (badness 10000) has occurred while \output is active []

 [41 <./graf/sf1_mat_ad.jpg> <./graf/sf2_mat_ad.jpg>]
<./graf/sf4_mat_ad.jpg, id=767, 1371.1225pt x 653.44125pt>
File: ./graf/sf4_mat_ad.jpg Graphic file (type jpg)

<use ./graf/sf4_mat_ad.jpg>
Package pdftex.def Info: ./graf/sf4_mat_ad.jpg used on input line 1422.
(pdftex.def)             Requested size: 455.24413pt x 216.95241pt.

<./graf/sf_E_comp.jpg, id=768, 1371.1225pt x 653.44125pt>
File: ./graf/sf_E_comp.jpg Graphic file (type jpg)

<use ./graf/sf_E_comp.jpg>
Package pdftex.def Info: ./graf/sf_E_comp.jpg used on input line 1435.
(pdftex.def)             Requested size: 432.48053pt x 206.1043pt.

Underfull \vbox (badness 10000) has occurred while \output is active []


Underfull \hbox (badness 10000) has occurred while \output is active
\T1/aer/m/n/10.95 42
 []

[42 <./graf/sf3_mat_ad.jpg> <./graf/sf4_mat_ad.jpg>]
<./graf/sf_Phi_comp.jpg, id=777, 1028.34187pt x 454.69875pt>
File: ./graf/sf_Phi_comp.jpg Graphic file (type jpg)

<use ./graf/sf_Phi_comp.jpg>
Package pdftex.def Info: ./graf/sf_Phi_comp.jpg used on input line 1441.
(pdftex.def)             Requested size: 432.48053pt x 191.22888pt.

<./graf/sf_dPhi_comp.jpg, id=778, 1028.34187pt x 438.13687pt>
File: ./graf/sf_dPhi_comp.jpg Graphic file (type jpg)

<use ./graf/sf_dPhi_comp.jpg>
Package pdftex.def Info: ./graf/sf_dPhi_comp.jpg used on input line 1447.
(pdftex.def)             Requested size: 432.48053pt x 184.26358pt.
 [43 <./graf/sf_E_comp.jpg> <./graf/sf_Phi_comp.jpg> <./graf/sf_dPhi_comp.jpg>]

<./graf/NR_E_comp2.jpg, id=787, 1371.1225pt x 653.44125pt>
File: ./graf/NR_E_comp2.jpg Graphic file (type jpg)

<use ./graf/NR_E_comp2.jpg>
Package pdftex.def Info: ./graf/NR_E_comp2.jpg used on input line 1458.
(pdftex.def)             Requested size: 455.24413pt x 216.95241pt.

<./graf/NR_Phi_comp2.jpg, id=788, 1028.34187pt x 454.69875pt>
File: ./graf/NR_Phi_comp2.jpg Graphic file (type jpg)

<use ./graf/NR_Phi_comp2.jpg>
Package pdftex.def Info: ./graf/NR_Phi_comp2.jpg used on input line 1464.
(pdftex.def)             Requested size: 455.24413pt x 201.29611pt.

<./graf/NR_dPhi_comp2.jpg, id=789, 1028.34187pt x 454.69875pt>
File: ./graf/NR_dPhi_comp2.jpg Graphic file (type jpg)

<use ./graf/NR_dPhi_comp2.jpg>
Package pdftex.def Info: ./graf/NR_dPhi_comp2.jpg used on input line 1470.
(pdftex.def)             Requested size: 455.24413pt x 201.29611pt.

Underfull \vbox (badness 10000) has occurred while \output is active []


Underfull \hbox (badness 10000) has occurred while \output is active
\T1/aer/m/n/10.95 44
 []

[44 <./graf/NR_E_comp2.jpg> <./graf/NR_Phi_comp2.jpg>]
<./graf/Andrews_mech.png, id=799, 3321.40875pt x 2370.8575pt>
File: ./graf/Andrews_mech.png Graphic file (type png)

<use ./graf/Andrews_mech.png>
Package pdftex.def Info: ./graf/Andrews_mech.png used on input line 1493.
(pdftex.def)             Requested size: 364.19669pt x 259.96307pt.

Underfull \vbox (badness 2990) has occurred while \output is active []

 [45 <./graf/NR_dPhi_comp2.jpg>]
Underfull \hbox (badness 10000) in paragraph at lines 1497--1498

 []


Overfull \hbox (2.21996pt too wide) in paragraph at lines 1501--1528
[][] [] 
 []


Overfull \hbox (2.21996pt too wide) in paragraph at lines 1535--1558
[][] [] 
 []


Underfull \vbox (badness 10000) has occurred while \output is active []


Underfull \hbox (badness 10000) has occurred while \output is active
\T1/aer/m/n/10.95 46
 []

[46 <./graf/Andrews_mech.png>]
<./graf/Andrews_czlony.jpg, id=821, 2999.205pt x 1528.96219pt>
File: ./graf/Andrews_czlony.jpg Graphic file (type jpg)

<use ./graf/Andrews_czlony.jpg>
Package pdftex.def Info: ./graf/Andrews_czlony.jpg used on input line 1564.
(pdftex.def)             Requested size: 455.24413pt x 232.06406pt.

Overfull \hbox (2.21996pt too wide) in paragraph at lines 1572--1599
[][] [] 
 []

<./graf/wykres_default.png, id=823, 983.17313pt x 389.20406pt>
File: ./graf/wykres_default.png Graphic file (type png)

<use ./graf/wykres_default.png>
Package pdftex.def Info: ./graf/wykres_default.png used on input line 1605.
(pdftex.def)             Requested size: 455.24413pt x 180.21785pt.
 [47 <./graf/Andrews_czlony.jpg>]
Underfull \hbox (badness 10000) has occurred while \output is active
\T1/aer/m/n/10.95 48
 []

[48 <./graf/wykres_default.png>] [49]
Overfull \hbox (2.28557pt too wide) in paragraph at lines 1729--1730
\T1/aer/m/it/10.95 Open-Sim\T1/aer/m/n/10.95 , (jest to bi-blio-te-ka open so-u
r-ce prze-zna-czo-na do ana-li-zy mo-de-li mi¦±niowo-szkieletowych
 []

<./graf/A03_energy.png, id=877, 602.25pt x 451.6875pt>
File: ./graf/A03_energy.png Graphic file (type png)

<use ./graf/A03_energy.png>
Package pdftex.def Info: ./graf/A03_energy.png used on input line 1733.
(pdftex.def)             Requested size: 364.19669pt x 273.15805pt.

Underfull \hbox (badness 10000) has occurred while \output is active
\T1/aer/m/n/10.95 50
 []

[50 <./graf/A03_energy.png>]
<./graf/Andrews_mech_zlaczowe.png, id=890, 2273.49374pt x 1093.08376pt>
File: ./graf/Andrews_mech_zlaczowe.png Graphic file (type png)

<use ./graf/Andrews_mech_zlaczowe.png>
Package pdftex.def Info: ./graf/Andrews_mech_zlaczowe.png used on input line 17
47.
(pdftex.def)             Requested size: 455.24413pt x 218.87975pt.
 [51 <./graf/Andrews_mech_zlaczowe.png>]
Overfull \hbox (0.47913pt too wide) in paragraph at lines 1800--1801
\OT4/cmr/m/n/10.95 10[]$\T1/aer/m/n/10.95 . Mak-sy-mal-n¡ licz-b¦ ite-ra-cji og
ra-ni-czo-no do 10. Krok cza-so-wy zo-staª przy-j¦-ty ja-ko $\OML/plm/m/it/10.9
5 h \OT4/cmr/m/n/10.95 =  []10[]$
 []

<./graf/AH_E_zbiorczy.jpg, id=912, 1371.1225pt x 653.44125pt>
File: ./graf/AH_E_zbiorczy.jpg Graphic file (type jpg)

<use ./graf/AH_E_zbiorczy.jpg>
Package pdftex.def Info: ./graf/AH_E_zbiorczy.jpg used on input line 1806.
(pdftex.def)             Requested size: 455.24413pt x 216.95241pt.

Underfull \hbox (badness 10000) has occurred while \output is active
\T1/aer/m/n/10.95 52
 []

[52 <./graf/AH_E_zbiorczy.jpg>]
<./graf/AH_Phi_a8_xi2_om0.jpg, id=921, 1028.34187pt x 490.08093pt>
File: ./graf/AH_Phi_a8_xi2_om0.jpg Graphic file (type jpg)

<use ./graf/AH_Phi_a8_xi2_om0.jpg>
Package pdftex.def Info: ./graf/AH_Phi_a8_xi2_om0.jpg used on input line 1816.
(pdftex.def)             Requested size: 386.96028pt x 184.41553pt.

<./graf/AH_dPhi_a8_xi2_om0.jpg, id=922, 1028.34187pt x 490.08093pt>
File: ./graf/AH_dPhi_a8_xi2_om0.jpg Graphic file (type jpg)

<use ./graf/AH_dPhi_a8_xi2_om0.jpg>
Package pdftex.def Info: ./graf/AH_dPhi_a8_xi2_om0.jpg used on input line 1822.

(pdftex.def)             Requested size: 386.96028pt x 184.41553pt.

<./graf/AH_E_a8_xi2_om0.jpg, id=923, 1371.1225pt x 653.44125pt>
File: ./graf/AH_E_a8_xi2_om0.jpg Graphic file (type jpg)

<use ./graf/AH_E_a8_xi2_om0.jpg>
Package pdftex.def Info: ./graf/AH_E_a8_xi2_om0.jpg used on input line 1828.
(pdftex.def)             Requested size: 386.96028pt x 184.41801pt.
 [53 <./graf/AH_Phi_a8_xi2_om0.jpg> <./graf/AH_dPhi_a8_xi2_om0.jpg> <./graf/AH_
E_a8_xi2_om0.jpg>]
<./graf/AH_Phi_a8_xi3_om0.jpg, id=932, 1028.34187pt x 490.08093pt>
File: ./graf/AH_Phi_a8_xi3_om0.jpg Graphic file (type jpg)

<use ./graf/AH_Phi_a8_xi3_om0.jpg>
Package pdftex.def Info: ./graf/AH_Phi_a8_xi3_om0.jpg used on input line 1837.
(pdftex.def)             Requested size: 386.96028pt x 184.41553pt.

<./graf/AH_dPhi_a8_xi3_om0.jpg, id=933, 1028.34187pt x 490.08093pt>
File: ./graf/AH_dPhi_a8_xi3_om0.jpg Graphic file (type jpg)

<use ./graf/AH_dPhi_a8_xi3_om0.jpg>
Package pdftex.def Info: ./graf/AH_dPhi_a8_xi3_om0.jpg used on input line 1843.

(pdftex.def)             Requested size: 386.96028pt x 184.41553pt.

<./graf/AH_E_a8_xi3_om0.jpg, id=934, 1371.1225pt x 653.44125pt>
File: ./graf/AH_E_a8_xi3_om0.jpg Graphic file (type jpg)

<use ./graf/AH_E_a8_xi3_om0.jpg>
Package pdftex.def Info: ./graf/AH_E_a8_xi3_om0.jpg used on input line 1849.
(pdftex.def)             Requested size: 386.96028pt x 184.41801pt.

Underfull \hbox (badness 10000) has occurred while \output is active
\T1/aer/m/n/10.95 54
 []

[54 <./graf/AH_Phi_a8_xi3_om0.jpg> <./graf/AH_dPhi_a8_xi3_om0.jpg> <./graf/AH_E
_a8_xi3_om0.jpg>]
<./graf/AH_Phi_a8_xi4_om0.jpg, id=943, 1028.34187pt x 490.08093pt>
File: ./graf/AH_Phi_a8_xi4_om0.jpg Graphic file (type jpg)

<use ./graf/AH_Phi_a8_xi4_om0.jpg>
Package pdftex.def Info: ./graf/AH_Phi_a8_xi4_om0.jpg used on input line 1858.
(pdftex.def)             Requested size: 386.96028pt x 184.41553pt.

<./graf/AH_dPhi_a8_xi4_om0.jpg, id=944, 1028.34187pt x 490.08093pt>
File: ./graf/AH_dPhi_a8_xi4_om0.jpg Graphic file (type jpg)

<use ./graf/AH_dPhi_a8_xi4_om0.jpg>
Package pdftex.def Info: ./graf/AH_dPhi_a8_xi4_om0.jpg used on input line 1864.

(pdftex.def)             Requested size: 386.96028pt x 184.41553pt.

<./graf/AH_E_a8_xi4_om0.jpg, id=945, 1371.1225pt x 653.44125pt>
File: ./graf/AH_E_a8_xi4_om0.jpg Graphic file (type jpg)

<use ./graf/AH_E_a8_xi4_om0.jpg>
Package pdftex.def Info: ./graf/AH_E_a8_xi4_om0.jpg used on input line 1870.
(pdftex.def)             Requested size: 386.96028pt x 184.41801pt.
 [55 <./graf/AH_Phi_a8_xi4_om0.jpg> <./graf/AH_dPhi_a8_xi4_om0.jpg> <./graf/AH_
E_a8_xi4_om0.jpg>]
<./graf/AH_Phi_a8_xi5_om0.jpg, id=955, 1028.34187pt x 490.08093pt>
File: ./graf/AH_Phi_a8_xi5_om0.jpg Graphic file (type jpg)

<use ./graf/AH_Phi_a8_xi5_om0.jpg>
Package pdftex.def Info: ./graf/AH_Phi_a8_xi5_om0.jpg used on input line 1879.
(pdftex.def)             Requested size: 386.96028pt x 184.41553pt.

<./graf/AH_dPhi_a8_xi5_om0.jpg, id=956, 1028.34187pt x 490.08093pt>
File: ./graf/AH_dPhi_a8_xi5_om0.jpg Graphic file (type jpg)

<use ./graf/AH_dPhi_a8_xi5_om0.jpg>
Package pdftex.def Info: ./graf/AH_dPhi_a8_xi5_om0.jpg used on input line 1885.

(pdftex.def)             Requested size: 386.96028pt x 184.41553pt.

<./graf/AH_E_a8_xi5_om0.jpg, id=957, 1371.1225pt x 653.44125pt>
File: ./graf/AH_E_a8_xi5_om0.jpg Graphic file (type jpg)

<use ./graf/AH_E_a8_xi5_om0.jpg>
Package pdftex.def Info: ./graf/AH_E_a8_xi5_om0.jpg used on input line 1891.
(pdftex.def)             Requested size: 386.96028pt x 184.41801pt.

Underfull \hbox (badness 10000) has occurred while \output is active
\T1/aer/m/n/10.95 56
 []

[56 <./graf/AH_Phi_a8_xi5_om0.jpg> <./graf/AH_dPhi_a8_xi5_om0.jpg> <./graf/AH_E
_a8_xi5_om0.jpg>]
Overfull \hbox (13.86517pt too wide) in paragraph at lines 1911--1912
[]\T1/aer/m/n/10.95 Sformuªowanie opi-sa-no w pod-roz-dzia-le []5.4[]. Do-kªad-
no±¢ z rów-na-nia ([]5.60[]) usta-lo-no na $\OML/plm/m/it/10.95 " \OT4/cmr/m/n/
10.95 =  []10[]$\T1/aer/m/n/10.95 .
 []

<./graf/NR_E_zbiorczy1.jpg, id=970, 1371.1225pt x 606.265pt>
File: ./graf/NR_E_zbiorczy1.jpg Graphic file (type jpg)

<use ./graf/NR_E_zbiorczy1.jpg>
Package pdftex.def Info: ./graf/NR_E_zbiorczy1.jpg used on input line 1925.
(pdftex.def)             Requested size: 455.24413pt x 201.28917pt.

<./graf/NR_Phi_zbiorczy1log.jpg, id=971, 1028.34187pt x 454.69875pt>
File: ./graf/NR_Phi_zbiorczy1log.jpg Graphic file (type jpg)

<use ./graf/NR_Phi_zbiorczy1log.jpg>
Package pdftex.def Info: ./graf/NR_Phi_zbiorczy1log.jpg used on input line 1931
.
(pdftex.def)             Requested size: 386.96028pt x 171.10135pt.
 [57 <./graf/NR_E_zbiorczy1.jpg>]
<./graf/NR_dPhi_zbiorczy1log.jpg, id=981, 1028.34187pt x 454.69875pt>
File: ./graf/NR_dPhi_zbiorczy1log.jpg Graphic file (type jpg)

<use ./graf/NR_dPhi_zbiorczy1log.jpg>
Package pdftex.def Info: ./graf/NR_dPhi_zbiorczy1log.jpg used on input line 193
7.
(pdftex.def)             Requested size: 386.96028pt x 171.10135pt.

<./graf/AH_NR_E_comp.jpg, id=983, 1371.1225pt x 653.44125pt>
File: ./graf/AH_NR_E_comp.jpg Graphic file (type jpg)

<use ./graf/AH_NR_E_comp.jpg>
Package pdftex.def Info: ./graf/AH_NR_E_comp.jpg used on input line 1945.
(pdftex.def)             Requested size: 409.71693pt x 195.25616pt.

<./graf/AH_NR_Phi_comp.jpg, id=984, 1028.34187pt x 454.69875pt>
File: ./graf/AH_NR_Phi_comp.jpg Graphic file (type jpg)

<use ./graf/AH_NR_Phi_comp.jpg>
Package pdftex.def Info: ./graf/AH_NR_Phi_comp.jpg used on input line 1951.
(pdftex.def)             Requested size: 455.24413pt x 201.29611pt.

Underfull \hbox (badness 10000) has occurred while \output is active
\T1/aer/m/n/10.95 58
 []

[58 <./graf/NR_Phi_zbiorczy1log.jpg> <./graf/NR_dPhi_zbiorczy1log.jpg> <./graf/
AH_NR_E_comp.jpg>]
<./graf/AH_NR_dPhi_comp.jpg, id=992, 1028.34187pt x 454.69875pt>
File: ./graf/AH_NR_dPhi_comp.jpg Graphic file (type jpg)

<use ./graf/AH_NR_dPhi_comp.jpg>
Package pdftex.def Info: ./graf/AH_NR_dPhi_comp.jpg used on input line 1957.
(pdftex.def)             Requested size: 455.24413pt x 201.29611pt.
 [59 <./graf/AH_NR_Phi_comp.jpg> <./graf/AH_NR_dPhi_comp.jpg>]
<./graf/TR_TR_E_time_compare.jpg, id=1002, 1371.1225pt x 606.265pt>
File: ./graf/TR_TR_E_time_compare.jpg Graphic file (type jpg)

<use ./graf/TR_TR_E_time_compare.jpg>
Package pdftex.def Info: ./graf/TR_TR_E_time_compare.jpg used on input line 199
4.
(pdftex.def)             Requested size: 455.24413pt x 201.28917pt.

<./graf/TR_TR_Phi_time_compare.jpg, id=1003, 1028.34187pt x 438.13687pt>
File: ./graf/TR_TR_Phi_time_compare.jpg Graphic file (type jpg)

<use ./graf/TR_TR_Phi_time_compare.jpg>
Package pdftex.def Info: ./graf/TR_TR_Phi_time_compare.jpg used on input line 2
000.
(pdftex.def)             Requested size: 409.71693pt x 174.56303pt.

Underfull \hbox (badness 10000) has occurred while \output is active
\T1/aer/m/n/10.95 60
 []

[60 <./graf/TR_TR_E_time_compare.jpg>]
<./graf/TR_TR_dPhi_time_compare.jpg, id=1015, 1028.34187pt x 438.13687pt>
File: ./graf/TR_TR_dPhi_time_compare.jpg Graphic file (type jpg)

<use ./graf/TR_TR_dPhi_time_compare.jpg>
Package pdftex.def Info: ./graf/TR_TR_dPhi_time_compare.jpg used on input line 
2006.
(pdftex.def)             Requested size: 409.71693pt x 174.56303pt.

<./graf/NR_NR_E_comp1.jpg, id=1016, 1371.1225pt x 653.44125pt>
File: ./graf/NR_NR_E_comp1.jpg Graphic file (type jpg)

<use ./graf/NR_NR_E_comp1.jpg>
Package pdftex.def Info: ./graf/NR_NR_E_comp1.jpg used on input line 2012.
(pdftex.def)             Requested size: 409.71693pt x 195.25616pt.

<./graf/NR_NR_Phi_comp1.jpg, id=1017, 1028.34187pt x 454.69875pt>
File: ./graf/NR_NR_Phi_comp1.jpg Graphic file (type jpg)

<use ./graf/NR_NR_Phi_comp1.jpg>
Package pdftex.def Info: ./graf/NR_NR_Phi_comp1.jpg used on input line 2018.
(pdftex.def)             Requested size: 455.24413pt x 201.29611pt.

Underfull \vbox (badness 10000) has occurred while \output is active []

 [61 <./graf/TR_TR_Phi_time_compare.jpg> <./graf/TR_TR_dPhi_time_compare.jpg> <
./graf/NR_NR_E_comp1.jpg>]
<./graf/NR_NR_dPhi_comp1.jpg, id=1026, 1028.34187pt x 490.08093pt>
File: ./graf/NR_NR_dPhi_comp1.jpg Graphic file (type jpg)

<use ./graf/NR_NR_dPhi_comp1.jpg>
Package pdftex.def Info: ./graf/NR_NR_dPhi_comp1.jpg used on input line 2024.
(pdftex.def)             Requested size: 455.24413pt x 216.95988pt.

Underfull \hbox (badness 10000) has occurred while \output is active
\T1/aer/m/n/10.95 62
 []

[62 <./graf/NR_NR_Phi_comp1.jpg> <./graf/NR_NR_dPhi_comp1.jpg>]
<./graf/normSigma.jpg, id=1038, 1371.1225pt x 653.44125pt>
File: ./graf/normSigma.jpg Graphic file (type jpg)

<use ./graf/normSigma.jpg>
Package pdftex.def Info: ./graf/normSigma.jpg used on input line 2052.
(pdftex.def)             Requested size: 364.19669pt x 173.55994pt.

<./graf/normSigma2.jpg, id=1039, 1371.1225pt x 653.44125pt>
File: ./graf/normSigma2.jpg Graphic file (type jpg)

<use ./graf/normSigma2.jpg>
Package pdftex.def Info: ./graf/normSigma2.jpg used on input line 2060.
(pdftex.def)             Requested size: 364.19669pt x 173.55994pt.

Underfull \vbox (badness 5924) has occurred while \output is active []

 [63 <./graf/normSigma.jpg>] <./graf/sigma_energia1.jpg, id=1049, 1371.1225pt x
 606.265pt>
File: ./graf/sigma_energia1.jpg Graphic file (type jpg)

<use ./graf/sigma_energia1.jpg>
Package pdftex.def Info: ./graf/sigma_energia1.jpg used on input line 2068.
(pdftex.def)             Requested size: 409.71693pt x 181.15933pt.

<./graf/sigma_energia2.jpg, id=1050, 1371.1225pt x 606.265pt>
File: ./graf/sigma_energia2.jpg Graphic file (type jpg)

<use ./graf/sigma_energia2.jpg>
Package pdftex.def Info: ./graf/sigma_energia2.jpg used on input line 2074.
(pdftex.def)             Requested size: 409.71693pt x 181.15933pt.

Underfull \hbox (badness 10000) has occurred while \output is active
\T1/aer/m/n/10.95 64
 []

[64 <./graf/normSigma2.jpg> <./graf/sigma_energia1.jpg> <./graf/sigma_energia2.
jpg>] [65


] [66


]
LaTeX Font Info:    Try loading font information for T1+aett on input line 2133
.
 ("C:\Program Files\MiKTeX 2.9\tex\latex\ae\t1aett.fd"
File: t1aett.fd 1997/11/16 Font definitions for T1/aett.
) [67]
[68


] (praca_inz.lof [69])
\tf@lof=\write5
\openout5 = `praca_inz.lof'.

 (praca_inz.lot)
\tf@lot=\write6
\openout6 = `praca_inz.lot'.


Underfull \hbox (badness 10000) has occurred while \output is active
\T1/aer/m/n/10.95 70
 []

[70] <./graf/code2flow.png, id=1157, 1240.635pt x 1734.48pt>
File: ./graf/code2flow.png Graphic file (type png)

<use ./graf/code2flow.png>
Package pdftex.def Info: ./graf/code2flow.png used on input line 2152.
(pdftex.def)             Requested size: 459.79405pt x 642.8062pt.

Overfull \hbox (4.54993pt too wide) in paragraph at lines 2152--2153
 [][] 
 []

Package atveryend Info: Empty hook `BeforeClearDocument' on input line 2156.
[71


 <./graf/code2flow.png>]
Package atveryend Info: Empty hook `AfterLastShipout' on input line 2156.
 (praca_inz.aux)
Package atveryend Info: Executing hook `AtVeryEndDocument' on input line 2156.
Package atveryend Info: Executing hook `AtEndAfterFileList' on input line 2156.

Package rerunfilecheck Info: File `praca_inz.out' has not changed.
(rerunfilecheck)             Checksum: C96D6C79C8539D7DFF508431373C72AF;2877.


LaTeX Warning: There were multiply-defined labels.

Package atveryend Info: Empty hook `AtVeryVeryEnd' on input line 2156.
 )
(\end occurred inside a group at level 1)

### simple group (level 1) entered at line 751 ({)
### bottom level 
Here is how much of TeX's memory you used:
 10523 strings out of 493323
 155937 string characters out of 3139066
 250908 words of memory out of 3000000
 13271 multiletter control sequences out of 15000+200000
 74263 words of font info for 169 fonts, out of 3000000 for 9000
 1141 hyphenation exceptions out of 8191
 37i,18n,43p,1074b,550s stack positions out of 5000i,500n,10000p,200000b,50000s
{C:/Program Files/MiKTeX 2.9/fonts/enc/dvips/pl/plrm.enc}{C:/Pr
ogram Files/MiKTeX 2.9/fonts/enc/dvips/pl/plmi.enc}{C:/Program Files/MiKTeX 2.9
/fonts/enc/dvips/pl/plms.enc}{C:/Program Files/MiKTeX 2.9/fonts/enc/dvips/pl/pl
me.enc}<C:/Program Files/MiKTeX 2.9/fonts/type1/public/amsfonts/cm/cmbx10.pfb><
C:/Program Files/MiKTeX 2.9/fonts/type1/public/amsfonts/cm/cmbx12.pfb><C:/Progr
am Files/MiKTeX 2.9/fonts/type1/public/amsfonts/cm/cmbx8.pfb><C:/Program Files/
MiKTeX 2.9/fonts/type1/public/amsfonts/cm/cmbxti10.pfb><C:/Program Files/MiKTeX
 2.9/fonts/type1/public/amsfonts/cm/cmex10.pfb><C:/Program Files/MiKTeX 2.9/fon
ts/type1/public/amsfonts/cm/cmmi10.pfb><C:/Program Files/MiKTeX 2.9/fonts/type1
/public/amsfonts/cm/cmmi9.pfb><C:/Program Files/MiKTeX 2.9/fonts/type1/public/a
msfonts/cm/cmmib10.pfb><C:/Program Files/MiKTeX 2.9/fonts/type1/public/amsfonts
/cm/cmr10.pfb><C:/Program Files/MiKTeX 2.9/fonts/type1/public/amsfonts/cm/cmr6.
pfb><C:/Program Files/MiKTeX 2.9/fonts/type1/public/amsfonts/cm/cmr8.pfb><C:/Pr
ogram Files/MiKTeX 2.9/fonts/type1/public/amsfonts/cm/cmr9.pfb><C:/Program File
s/MiKTeX 2.9/fonts/type1/public/amsfonts/cm/cmsy10.pfb><C:/Program Files/MiKTeX
 2.9/fonts/type1/public/amsfonts/cm/cmti10.pfb><C:/Program Files/MiKTeX 2.9/fon
ts/type1/public/amsfonts/cm/cmti9.pfb><C:/Program Files/MiKTeX 2.9/fonts/type1/
public/amsfonts/cm/cmtt10.pfb><C:/Program Files/MiKTeX 2.9/fonts/type1/public/a
msfonts/euler/eurb10.pfb><C:/Program Files/MiKTeX 2.9/fonts/type1/public/amsfon
ts/euler/eurm10.pfb><C:/Program Files/MiKTeX 2.9/fonts/type1/public/amsfonts/sy
mbols/msam10.pfb><C:/Program Files/MiKTeX 2.9/fonts/type1/public/pl/plbx10.pfb>
<C:/Program Files/MiKTeX 2.9/fonts/type1/public/pl/plbx6.pfb><C:/Program Files/
MiKTeX 2.9/fonts/type1/public/pl/plbx7.pfb><C:/Program Files/MiKTeX 2.9/fonts/t
ype1/public/pl/plbx8.pfb><C:/Program Files/MiKTeX 2.9/fonts/type1/public/pl/ple
x10.pfb><C:/Program Files/MiKTeX 2.9/fonts/type1/public/pl/plmi10.pfb><C:/Progr
am Files/MiKTeX 2.9/fonts/type1/public/pl/plmi6.pfb><C:/Program Files/MiKTeX 2.
9/fonts/type1/public/pl/plmi7.pfb><C:/Program Files/MiKTeX 2.9/fonts/type1/publ
ic/pl/plmi8.pfb><C:/Program Files/MiKTeX 2.9/fonts/type1/public/pl/plmi9.pfb><C
:/Program Files/MiKTeX 2.9/fonts/type1/public/pl/plr10.pfb><C:/Program Files/Mi
KTeX 2.9/fonts/type1/public/pl/plr6.pfb><C:/Program Files/MiKTeX 2.9/fonts/type
1/public/pl/plr7.pfb><C:/Program Files/MiKTeX 2.9/fonts/type1/public/pl/plr8.pf
b><C:/Program Files/MiKTeX 2.9/fonts/type1/public/pl/plr9.pfb><C:/Program Files
/MiKTeX 2.9/fonts/type1/public/pl/plsy10.pfb><C:/Program Files/MiKTeX 2.9/fonts
/type1/public/pl/plsy7.pfb><C:/Program Files/MiKTeX 2.9/fonts/type1/public/pl/p
lsy8.pfb>
Output written on praca_inz.pdf (71 pages, 5972463 bytes).
PDF statistics:
 1376 PDF objects out of 1440 (max. 8388607)
 435 named destinations out of 1000 (max. 500000)
 540 words of extra memory for PDF output out of 10000 (max. 10000000)

